<?xml version="1.0" encoding="UTF-8"?>
<!-- Generated by org.testng.reporters.JUnitReportReporter -->
<testsuite hostname="pa-PC" name="ERP.PROJECT.MERP2.TestUser1ThirdPartyNavigate" tests="1" failures="0" timestamp="11 Oct 2020 14:28:07 GMT" time="37.602" errors="0">
  <testcase name="User1_Navigate_NewThirdParty" time="37.602" classname="ERP.PROJECT.MERP2.TestUser1ThirdPartyNavigate"/>
</testsuite> <!-- ERP.PROJECT.MERP2.TestUser1ThirdPartyNavigate -->
