<?xml version="1.0" encoding="UTF-8"?>
<!-- Generated by org.testng.reporters.JUnitReportReporter -->
<testsuite hostname="LAPTOP-0JB6122F" failures="0" tests="1" name="appsierralink" time="4.842" errors="0" timestamp="2023-03-21T01:40:00 IST" skipped="0">
  <testcase classname="appsierralink" name="linkheader" time="4.842"/>
  <system-out/>
</testsuite> <!-- appsierralink -->
