<?xml version="1.0" encoding="UTF-8"?>
<!-- Generated by org.testng.reporters.JUnitReportReporter -->
<testsuite hostname="pa-PC" name="Baseclass.CrossBrowserTestingScript" tests="1" failures="0" timestamp="12 Jan 2021 12:31:29 GMT" time="7.108" errors="0">
  <testcase name="test1" time="7.108" classname="Baseclass.CrossBrowserTestingScript"/>
</testsuite> <!-- Baseclass.CrossBrowserTestingScript -->
