<?xml version="1.0" encoding="UTF-8"?>
<!-- Generated by org.testng.reporters.JUnitReportReporter -->
<testsuite hostname="pa-PC" name="ERP.PROJECT.MERP2.TestEndtoEndScenario1" tests="4" failures="0" timestamp="10 Jan 2021 13:32:26 GMT" time="12.510" errors="0">
  <testcase name="submit" time="7.013" classname="ERP.PROJECT.MERP2.TestEndtoEndScenario1"/>
  <testcase name="password" time="0.635" classname="ERP.PROJECT.MERP2.TestEndtoEndScenario1"/>
  <testcase name="logout" time="2.788" classname="ERP.PROJECT.MERP2.TestEndtoEndScenario1"/>
  <testcase name="username" time="2.074" classname="ERP.PROJECT.MERP2.TestEndtoEndScenario1"/>
</testsuite> <!-- ERP.PROJECT.MERP2.TestEndtoEndScenario1 -->
