<?xml version="1.0" encoding="UTF-8"?>
<!-- Generated by org.testng.reporters.JUnitReportReporter -->
<testsuite hostname="pa-PC" name="RegressionTestSuite.TestEndtoEndScenario1" tests="4" failures="0" timestamp="13 Oct 2020 10:50:41 GMT" time="18.920" errors="0">
  <testcase name="password" time="0.713" classname="RegressionTestSuite.TestEndtoEndScenario1"/>
  <testcase name="logout" time="8.439" classname="RegressionTestSuite.TestEndtoEndScenario1"/>
  <testcase name="submit" time="7.759" classname="RegressionTestSuite.TestEndtoEndScenario1"/>
  <testcase name="username" time="2.009" classname="RegressionTestSuite.TestEndtoEndScenario1"/>
</testsuite> <!-- RegressionTestSuite.TestEndtoEndScenario1 -->
