<?xml version="1.0" encoding="UTF-8"?>
<!-- Generated by org.testng.reporters.JUnitReportReporter -->
<testsuite hostname="pa-PC" name="ERP.PROJECT.MERP2.Testcreatethirdparty" tests="1" failures="0" timestamp="11 Oct 2020 14:18:23 GMT" time="74.629" errors="0">
  <testcase name="User1_CreateNewThirdParty" time="74.629" classname="ERP.PROJECT.MERP2.Testcreatethirdparty"/>
</testsuite> <!-- ERP.PROJECT.MERP2.Testcreatethirdparty -->
