<?xml version="1.0" encoding="UTF-8"?>
<!-- Generated by org.testng.reporters.JUnitReportReporter -->
<testsuite hostname="pa-PC" name="testscripts.browserTest" tests="1" failures="0" timestamp="12 Jan 2021 13:07:19 GMT" time="6.195" errors="0">
  <testcase name="test" time="6.195" classname="testscripts.browserTest"/>
</testsuite> <!-- testscripts.browserTest -->
