<?xml version="1.0" encoding="UTF-8"?>
<!-- Generated by org.testng.reporters.JUnitReportReporter -->
<testsuite hostname="LAPTOP-0JB6122F" failures="0" tests="4" name="testscripts.TestEndtoEndScenario1" time="0.968" errors="0" timestamp="2023-03-21T04:07:32 IST" skipped="0">
  <testcase classname="testscripts.TestEndtoEndScenario1" name="username" time="0.105"/>
  <system-out/>
  <testcase classname="testscripts.TestEndtoEndScenario1" name="password" time="0.076"/>
  <system-out/>
  <testcase classname="testscripts.TestEndtoEndScenario1" name="submit" time="0.500"/>
  <system-out/>
  <testcase classname="testscripts.TestEndtoEndScenario1" name="logout" time="0.287"/>
  <system-out/>
</testsuite> <!-- testscripts.TestEndtoEndScenario1 -->
