<?xml version="1.0" encoding="UTF-8"?>
<!-- Generated by org.testng.reporters.JUnitReportReporter -->
<testsuite hostname="LAPTOP-0JB6122F" failures="0" tests="5" name="testscripts.demoretryTest" time="0.010" errors="0" timestamp="2023-03-21T00:43:17 IST" skipped="0">
  <testcase classname="testscripts.demoretryTest" name="retrylogic" time="0.008"/>
  <system-out/>
  <testcase classname="testscripts.demoretryTest" name="demo1" time="0.001"/>
  <system-out/>
  <testcase classname="testscripts.demoretryTest" name="demo2" time="0.000"/>
  <system-out/>
  <testcase classname="testscripts.demoretryTest" name="demo3" time="0.001"/>
  <system-out/>
  <testcase classname="testscripts.demoretryTest" name="demo4" time="0.000"/>
  <system-out/>
</testsuite> <!-- testscripts.demoretryTest -->
