<?xml version="1.0" encoding="UTF-8"?>
<!-- Generated by org.testng.reporters.JUnitReportReporter -->
<testsuite hostname="pa-PC" name="testscripts.demoTest" tests="2" failures="0" timestamp="10 Jan 2021 14:50:42 GMT" time="0.062" errors="0">
  <testcase name="demo2" time="0.062" classname="testscripts.demoTest"/>
  <testcase name="demo4" time="0.000" classname="testscripts.demoTest"/>
</testsuite> <!-- testscripts.demoTest -->
