<?xml version="1.0" encoding="UTF-8"?>
<!-- Generated by org.testng.reporters.JUnitReportReporter -->
<testsuite hostname="LAPTOP-0JB6122F" failures="0" tests="1" name="testscripts.TestUser1ThirdPartyNavigate" time="20.193" errors="0" timestamp="2023-03-21T04:05:27 IST" skipped="0">
  <testcase classname="testscripts.TestUser1ThirdPartyNavigate" name="User1_Navigate_NewThirdParty" time="20.193"/>
  <system-out/>
</testsuite> <!-- testscripts.TestUser1ThirdPartyNavigate -->
