<?xml version="1.0" encoding="UTF-8"?>
<!-- Generated by org.testng.reporters.JUnitReportReporter -->
<testsuite hostname="pa-PC" name="testscripts.demoretryTest" tests="5" failures="0" timestamp="11 Jan 2021 15:57:14 GMT" time="0.047" errors="0">
  <testcase name="demo2" time="0.016" classname="testscripts.demoretryTest"/>
  <testcase name="demo4" time="0.000" classname="testscripts.demoretryTest"/>
  <testcase name="demo3" time="0.000" classname="testscripts.demoretryTest"/>
  <testcase name="retrylogic" time="0.031" classname="testscripts.demoretryTest"/>
  <testcase name="demo1" time="0.000" classname="testscripts.demoretryTest"/>
</testsuite> <!-- testscripts.demoretryTest -->
