<?xml version="1.0" encoding="UTF-8"?>
<!-- Generated by org.testng.reporters.JUnitReportReporter -->
<testsuite hostname="pa-PC" name="ERP.PROJECT.MERP2.Testuser1Login" tests="1" failures="0" timestamp="11 Oct 2020 14:40:56 GMT" time="47.613" errors="0">
  <testcase name="User1_Login_Test" time="47.613" classname="ERP.PROJECT.MERP2.Testuser1Login"/>
</testsuite> <!-- ERP.PROJECT.MERP2.Testuser1Login -->
