<?xml version="1.0" encoding="UTF-8"?>
<!-- Generated by org.testng.reporters.JUnitReportReporter -->
<testsuite hostname="LAPTOP-0JB6122F" failures="0" tests="1" name="testscripts.Testuser1Logout" time="6.008" errors="0" timestamp="2023-03-21T04:06:41 IST" skipped="0">
  <testcase classname="testscripts.Testuser1Logout" name="User1_Logout_Test" time="6.008"/>
  <system-out/>
</testsuite> <!-- testscripts.Testuser1Logout -->
