<?xml version="1.0" encoding="UTF-8"?>
<!-- Generated by org.testng.reporters.JUnitReportReporter -->
<testsuite hostname="pa-PC" name="ERP.PROJECT.MERP2.TestDemoUser1" tests="1" failures="0" timestamp="9 Oct 2020 19:17:51 GMT" time="27.869" errors="0">
  <testcase name="Login" time="27.869" classname="ERP.PROJECT.MERP2.TestDemoUser1"/>
</testsuite> <!-- ERP.PROJECT.MERP2.TestDemoUser1 -->
