<?xml version="1.0" encoding="UTF-8"?>
<!-- Generated by org.testng.reporters.JUnitReportReporter -->
<testsuite hostname="pa-PC" name="ERP.PROJECT.MERP2.Testuser1Logout" tests="1" failures="0" timestamp="13 Oct 2020 08:40:30 GMT" time="39.502" errors="0">
  <testcase name="User1_Logout_Test" time="39.502" classname="ERP.PROJECT.MERP2.Testuser1Logout"/>
</testsuite> <!-- ERP.PROJECT.MERP2.Testuser1Logout -->
