<?xml version="1.0" encoding="UTF-8"?>
<!-- Generated by org.testng.reporters.JUnitReportReporter -->
<testsuite hostname="pa-PC" name="testscripts.Testcreatethirdparty" tests="1" failures="0" timestamp="12 Jan 2021 13:12:02 GMT" time="40.032" errors="0">
  <testcase name="User1_CreateNewThirdParty" time="40.032" classname="testscripts.Testcreatethirdparty"/>
</testsuite> <!-- testscripts.Testcreatethirdparty -->
