<?xml version="1.0" encoding="UTF-8"?>
<!-- Generated by org.testng.reporters.JUnitReportReporter -->
<testsuite skipped="0" hostname="pa-PC" name="testscripts.TestEndtoEndScenario1" tests="4" failures="0" timestamp="2021-01-10T21:21:00 IST" time="6.262" errors="0">
  <testcase name="username" time="0.501" classname="testscripts.TestEndtoEndScenario1"/>
  <system-out/>
  <testcase name="password" time="0.362" classname="testscripts.TestEndtoEndScenario1"/>
  <system-out/>
  <testcase name="submit" time="3.710" classname="testscripts.TestEndtoEndScenario1"/>
  <system-out/>
  <testcase name="logout" time="1.689" classname="testscripts.TestEndtoEndScenario1"/>
  <system-out/>
</testsuite> <!-- testscripts.TestEndtoEndScenario1 -->
