<?xml version="1.0" encoding="UTF-8"?>
<!-- Generated by org.testng.reporters.JUnitReportReporter -->
<testsuite skipped="0" hostname="pa-PC" name="testscripts.Testcreatethirdparty" tests="1" failures="0" timestamp="2021-01-10T21:21:00 IST" time="30.438" errors="0">
  <testcase name="User1_CreateNewThirdParty" time="30.438" classname="testscripts.Testcreatethirdparty"/>
  <system-out/>
</testsuite> <!-- testscripts.Testcreatethirdparty -->
