<?xml version="1.0" encoding="UTF-8"?>
<!-- Generated by org.testng.reporters.JUnitReportReporter -->
<testsuite skipped="0" hostname="pa-PC" name="testscripts.Testuser1Login" tests="1" failures="0" timestamp="2021-01-10T21:21:00 IST" time="42.886" errors="0">
  <testcase name="User1_Login_Test" time="42.886" classname="testscripts.Testuser1Login"/>
  <system-out/>
</testsuite> <!-- testscripts.Testuser1Login -->
