<?xml version="1.0" encoding="UTF-8"?>
<!-- Generated by org.testng.reporters.JUnitReportReporter -->
<testsuite skipped="0" hostname="pa-PC" name="testscripts.Testuser1Logout" tests="1" failures="0" timestamp="2021-01-10T21:21:00 IST" time="18.394" errors="0">
  <testcase name="User1_Logout_Test" time="18.394" classname="testscripts.Testuser1Logout"/>
  <system-out/>
</testsuite> <!-- testscripts.Testuser1Logout -->
