<?xml version="1.0" encoding="UTF-8"?>
<!-- Generated by org.testng.reporters.JUnitReportReporter -->
<testsuite skipped="0" hostname="pa-PC" name="testscripts.demoTest" tests="4" failures="0" timestamp="2021-01-10T21:21:00 IST" time="0.000" errors="0">
  <testcase name="demo1" time="0.000" classname="testscripts.demoTest"/>
  <system-out/>
  <testcase name="demo2" time="0.000" classname="testscripts.demoTest"/>
  <system-out/>
  <testcase name="demo3" time="0.000" classname="testscripts.demoTest"/>
  <system-out/>
  <testcase name="demo4" time="0.000" classname="testscripts.demoTest"/>
  <system-out/>
</testsuite> <!-- testscripts.demoTest -->
